  begin.cpp
C:\Users\pluskin23\source\repos\beginTasks\begin\Util.h(11,12): warning C4244: return: преобразование "double" в "int", возможна потеря данных
C:\Users\pluskin23\source\repos\beginTasks\begin\Util.h(32,12): warning C4244: return: преобразование "double" в "int", возможна потеря данных
C:\Users\pluskin23\source\repos\beginTasks\begin\Util.h(37,12): warning C4244: return: преобразование "double" в "int", возможна потеря данных
C:\Users\pluskin23\source\repos\beginTasks\begin\Util.h(42,11): warning C4244: return: преобразование "double" в "int", возможна потеря данных
C:\Users\pluskin23\source\repos\beginTasks\begin\Util.h(68,15): warning C4244: return: преобразование "double" в "int", возможна потеря данных
C:\Users\pluskin23\source\repos\beginTasks\begin\Util.h(74,11): warning C4244: return: преобразование "double" в "int", возможна потеря данных
C:\Users\pluskin23\source\repos\beginTasks\begin\Util.h(89,13): warning C4244: return: преобразование "double" в "int", возможна потеря данных
C:\Users\pluskin23\source\repos\beginTasks\begin\Util.h(134,17): warning C4244: return: преобразование "double" в "int", возможна потеря данных
C:\Users\pluskin23\source\repos\beginTasks\begin\Util.h(142,17): warning C4244: return: преобразование "double" в "int", возможна потеря данных
C:\Users\pluskin23\source\repos\beginTasks\begin\Util.h(150,17): warning C4244: return: преобразование "double" в "int", возможна потеря данных
C:\Users\pluskin23\source\repos\beginTasks\begin\Util.h(158,17): warning C4244: return: преобразование "double" в "int", возможна потеря данных
C:\Users\pluskin23\source\repos\beginTasks\begin\Util.h(169,13): warning C4244: return: преобразование "double" в "int", возможна потеря данных
C:\Users\pluskin23\source\repos\beginTasks\begin\Util.h(188,11): warning C4244: return: преобразование "double" в "int", возможна потеря данных
C:\Users\pluskin23\source\repos\beginTasks\begin\Util.h(197,11): warning C4244: return: преобразование "double" в "int", возможна потеря данных
C:\Users\pluskin23\source\repos\beginTasks\begin\Util.h(213,11): warning C4244: return: преобразование "double" в "int", возможна потеря данных
C:\Users\pluskin23\source\repos\beginTasks\begin\Util.h(220,11): warning C4244: return: преобразование "double" в "int", возможна потеря данных
C:\Users\pluskin23\source\repos\beginTasks\begin\Util.h(231,13): warning C4244: return: преобразование "double" в "int", возможна потеря данных
C:\Users\pluskin23\source\repos\beginTasks\begin\Util.h(238,11): warning C4244: return: преобразование "double" в "int", возможна потеря данных
C:\Users\pluskin23\source\repos\beginTasks\begin\Util.h(248,13): warning C4244: return: преобразование "double" в "int", возможна потеря данных
C:\Users\pluskin23\source\repos\beginTasks\begin\Util.h(260,8): warning C4804: <: небезопасное использование типа "bool" в операции
C:\Users\pluskin23\source\repos\beginTasks\begin\Util.h(279,9): warning C4244: return: преобразование "double" в "int", возможна потеря данных
C:\Users\pluskin23\source\repos\beginTasks\begin\Util.h(291,12): warning C4244: return: преобразование "double" в "int", возможна потеря данных
C:\Users\pluskin23\source\repos\beginTasks\begin\Util.h(298,1): error C2059: синтаксическая ошибка: }
C:\Users\pluskin23\source\repos\beginTasks\begin\Util.h(308,9): warning C4244: return: преобразование "double" в "int", возможна потеря данных
C:\Users\pluskin23\source\repos\beginTasks\begin\Util.h(322,10): warning C4244: return: преобразование "double" в "int", возможна потеря данных
C:\Users\pluskin23\source\repos\beginTasks\begin\Util.h(356,8): warning C4244: инициализация: преобразование "double" в "int", возможна потеря данных
C:\Users\pluskin23\source\repos\beginTasks\begin\Util.h(362,8): warning C4244: инициализация: преобразование "double" в "int", возможна потеря данных
C:\Users\pluskin23\source\repos\beginTasks\begin\Util.h(393,9): warning C4244: return: преобразование "double" в "int", возможна потеря данных
C:\Users\pluskin23\source\repos\beginTasks\begin\Util.h(404,9): warning C4244: return: преобразование "double" в "int", возможна потеря данных
C:\Users\pluskin23\source\repos\beginTasks\begin\begin.cpp(12,36): error C2679: бинарный "<<": не найден оператор, принимающий правый операнд типа "void" (или приемлемое преобразование отсутствует)
C:\Program Files (x86)\Microsoft Visual Studio\2019\Community\VC\Tools\MSVC\14.29.30133\include\ostream(465,39): message : может быть "std::basic_ostream<char,std::char_traits<char>> &std::basic_ostream<char,std::char_traits<char>>::operator <<(std::basic_streambuf<char,std::char_traits<char>> *)"
C:\Program Files (x86)\Microsoft Visual Studio\2019\Community\VC\Tools\MSVC\14.29.30133\include\ostream(440,39): message : или       "std::basic_ostream<char,std::char_traits<char>> &std::basic_ostream<char,std::char_traits<char>>::operator <<(const void *)"
C:\Program Files (x86)\Microsoft Visual Studio\2019\Community\VC\Tools\MSVC\14.29.30133\include\ostream(422,39): message : или       "std::basic_ostream<char,std::char_traits<char>> &std::basic_ostream<char,std::char_traits<char>>::operator <<(long double)"
C:\Program Files (x86)\Microsoft Visual Studio\2019\Community\VC\Tools\MSVC\14.29.30133\include\ostream(404,39): message : или       "std::basic_ostream<char,std::char_traits<char>> &std::basic_ostream<char,std::char_traits<char>>::operator <<(double)"
C:\Program Files (x86)\Microsoft Visual Studio\2019\Community\VC\Tools\MSVC\14.29.30133\include\ostream(386,39): message : или       "std::basic_ostream<char,std::char_traits<char>> &std::basic_ostream<char,std::char_traits<char>>::operator <<(float)"
C:\Program Files (x86)\Microsoft Visual Studio\2019\Community\VC\Tools\MSVC\14.29.30133\include\ostream(368,39): message : или       "std::basic_ostream<char,std::char_traits<char>> &std::basic_ostream<char,std::char_traits<char>>::operator <<(unsigned __int64)"
C:\Program Files (x86)\Microsoft Visual Studio\2019\Community\VC\Tools\MSVC\14.29.30133\include\ostream(350,39): message : или       "std::basic_ostream<char,std::char_traits<char>> &std::basic_ostream<char,std::char_traits<char>>::operator <<(__int64)"
C:\Program Files (x86)\Microsoft Visual Studio\2019\Community\VC\Tools\MSVC\14.29.30133\include\ostream(332,39): message : или       "std::basic_ostream<char,std::char_traits<char>> &std::basic_ostream<char,std::char_traits<char>>::operator <<(unsigned long)"
C:\Program Files (x86)\Microsoft Visual Studio\2019\Community\VC\Tools\MSVC\14.29.30133\include\ostream(314,39): message : или       "std::basic_ostream<char,std::char_traits<char>> &std::basic_ostream<char,std::char_traits<char>>::operator <<(long)"
C:\Program Files (x86)\Microsoft Visual Studio\2019\Community\VC\Tools\MSVC\14.29.30133\include\ostream(295,39): message : или       "std::basic_ostream<char,std::char_traits<char>> &std::basic_ostream<char,std::char_traits<char>>::operator <<(unsigned int)"
C:\Program Files (x86)\Microsoft Visual Studio\2019\Community\VC\Tools\MSVC\14.29.30133\include\ostream(269,39): message : или       "std::basic_ostream<char,std::char_traits<char>> &std::basic_ostream<char,std::char_traits<char>>::operator <<(int)"
C:\Program Files (x86)\Microsoft Visual Studio\2019\Community\VC\Tools\MSVC\14.29.30133\include\ostream(250,39): message : или       "std::basic_ostream<char,std::char_traits<char>> &std::basic_ostream<char,std::char_traits<char>>::operator <<(unsigned short)"
C:\Program Files (x86)\Microsoft Visual Studio\2019\Community\VC\Tools\MSVC\14.29.30133\include\ostream(216,39): message : или       "std::basic_ostream<char,std::char_traits<char>> &std::basic_ostream<char,std::char_traits<char>>::operator <<(short)"
C:\Program Files (x86)\Microsoft Visual Studio\2019\Community\VC\Tools\MSVC\14.29.30133\include\ostream(198,39): message : или       "std::basic_ostream<char,std::char_traits<char>> &std::basic_ostream<char,std::char_traits<char>>::operator <<(bool)"
C:\Program Files (x86)\Microsoft Visual Studio\2019\Community\VC\Tools\MSVC\14.29.30133\include\ostream(193,39): message : или       "std::basic_ostream<char,std::char_traits<char>> &std::basic_ostream<char,std::char_traits<char>>::operator <<(std::ios_base &(__cdecl *)(std::ios_base &))"
C:\Program Files (x86)\Microsoft Visual Studio\2019\Community\VC\Tools\MSVC\14.29.30133\include\ostream(188,39): message : или       "std::basic_ostream<char,std::char_traits<char>> &std::basic_ostream<char,std::char_traits<char>>::operator <<(std::basic_ios<char,std::char_traits<char>> &(__cdecl *)(std::basic_ios<char,std::char_traits<char>> &))"
C:\Program Files (x86)\Microsoft Visual Studio\2019\Community\VC\Tools\MSVC\14.29.30133\include\ostream(183,39): message : или       "std::basic_ostream<char,std::char_traits<char>> &std::basic_ostream<char,std::char_traits<char>>::operator <<(std::basic_ostream<char,std::char_traits<char>> &(__cdecl *)(std::basic_ostream<char,std::char_traits<char>> &))"
C:\Users\pluskin23\source\repos\beginTasks\begin\begin.cpp(12,36): message : при попытке сопоставить список аргументов "(std::ostream, void)"
